[2025-08-06 11:25:45] info: Created uploads directory: D:\Programing\WorkFolders\restaurant-pos\backend\backend\uploads\images
[2025-08-06 11:25:55] warn: No Data Found
[2025-08-06 11:25:55] warn: No Data Found
[2025-08-06 11:25:55] warn: No Data Found
[2025-08-06 11:25:55] warn: No Data Found
[2025-08-06 11:25:56] warn: No Data Found
[2025-08-06 11:30:47] info: Filter: 
[2025-08-06 11:31:28] info: Filter: 
[2025-08-06 11:31:33] warn: Brand Not Found
[2025-08-06 11:31:34] warn: Brand Not Found
[2025-08-06 11:31:36] warn: Brand Not Found
[2025-08-06 11:31:40] warn: Brand Not Found
[2025-08-06 11:33:03] warn: No Data Found
[2025-08-06 11:33:03] warn: No Data Found
[2025-08-06 11:33:03] warn: No Data Found
[2025-08-06 11:33:04] warn: No Data Found
[2025-08-06 11:33:16] warn: No Data Found
[2025-08-06 11:33:16] info: Filter: 
[2025-08-06 11:33:16] warn: No Data Found
[2025-08-06 11:33:16] warn: No Data Found
[2025-08-06 11:33:17] warn: No Data Found
[2025-08-06 11:33:17] warn: No Data Found
[2025-08-06 11:33:18] warn: No Data Found
[2025-08-06 12:06:47] info: Filter: 
[2025-08-06 12:07:04] info: Order 11 marked as cancelled in database
[2025-08-06 12:07:06] info: Printed full order cancellation for order 11 on 192.168.1.100
[2025-08-06 12:07:06] warn: No Data Found
[2025-08-06 12:07:07] warn: No Data Found
[2025-08-06 12:07:07] warn: No Data Found
[2025-08-06 12:07:12] warn: No Data Found
[2025-08-06 12:07:12] warn: No Data Found
[2025-08-06 12:07:29] warn: No Data Found
[2025-08-06 12:07:29] warn: No Data Found
[2025-08-06 12:07:29] warn: No Data Found
[2025-08-06 12:07:30] warn: No Data Found
[2025-08-06 12:08:18] warn: No Data Found
[2025-08-06 12:08:18] info: Filter: 
[2025-08-06 12:08:18] warn: No Data Found
[2025-08-06 12:08:19] warn: No Data Found
[2025-08-06 12:08:20] warn: No Data Found
[2025-08-06 12:08:34] error: Image deletion failed: Image not found
[2025-08-06 12:08:50] error: Image deletion failed: Image not found
[2025-08-06 12:09:51] info: Image deleted successfully: http://localhost:3001/api/images/a097a1cd-b35a-4c59-ac2b-7d60c1232640/5d2dc546-d617-45c2-9e64-87bcd78dd02e-optaboutcomcoeusresourcescontentmigrationsimplyrecipesuploads201909easy-pepperoni-pizza-lead-3-1024x682-583b275444104ef189d693a64df625da.jpg
[2025-08-06 12:10:10] info: Image deleted successfully: http://localhost:3001/api/images/a097a1cd-b35a-4c59-ac2b-7d60c1232640/5d2dc546-d617-45c2-9e64-87bcd78dd02e-optaboutcomcoeusresourcescontentmigrationsimplyrecipesuploads201909easy-pepperoni-pizza-lead-3-1024x682-583b275444104ef189d693a64df625da.jpg
[2025-08-06 12:10:57] info: Image deleted successfully: http://localhost:3001/api/images/a097a1cd-b35a-4c59-ac2b-7d60c1232640/5d2dc546-d617-45c2-9e64-87bcd78dd02e-optaboutcomcoeusresourcescontentmigrationsimplyrecipesuploads201909easy-pepperoni-pizza-lead-3-1024x682-583b275444104ef189d693a64df625da.jpg
[2025-08-06 12:11:35] warn: Brand Not Found
[2025-08-06 12:11:36] warn: Brand Not Found
[2025-08-06 12:11:38] warn: Brand Not Found
[2025-08-06 12:11:42] warn: Brand Not Found
[2025-08-06 12:12:20] warn: No Data Found
[2025-08-06 12:12:20] warn: No Data Found
[2025-08-06 12:12:20] warn: No Data Found
[2025-08-06 12:12:21] warn: No Data Found
[2025-08-06 12:14:23] warn: Brand Not Found
[2025-08-06 12:14:24] warn: Brand Not Found
[2025-08-06 12:14:26] warn: Brand Not Found
[2025-08-06 12:14:30] warn: Brand Not Found
