[2025-08-06 11:25:45] info: Created uploads directory: D:\Programing\WorkFolders\restaurant-pos\backend\backend\uploads\images
[2025-08-06 11:25:55] warn: No Data Found
[2025-08-06 11:25:55] warn: No Data Found
[2025-08-06 11:25:55] warn: No Data Found
[2025-08-06 11:25:55] warn: No Data Found
[2025-08-06 11:25:56] warn: No Data Found
[2025-08-06 11:30:47] info: Filter: 
[2025-08-06 11:31:28] info: Filter: 
[2025-08-06 11:31:33] warn: Brand Not Found
[2025-08-06 11:31:34] warn: Brand Not Found
[2025-08-06 11:31:36] warn: Brand Not Found
[2025-08-06 11:31:40] warn: Brand Not Found
[2025-08-06 11:33:03] warn: No Data Found
[2025-08-06 11:33:03] warn: No Data Found
[2025-08-06 11:33:03] warn: No Data Found
[2025-08-06 11:33:04] warn: No Data Found
[2025-08-06 11:33:16] warn: No Data Found
[2025-08-06 11:33:16] info: Filter: 
[2025-08-06 11:33:16] warn: No Data Found
[2025-08-06 11:33:16] warn: No Data Found
[2025-08-06 11:33:17] warn: No Data Found
[2025-08-06 11:33:17] warn: No Data Found
[2025-08-06 11:33:18] warn: No Data Found
[2025-08-06 12:06:47] info: Filter: 
[2025-08-06 12:07:04] info: Order 11 marked as cancelled in database
[2025-08-06 12:07:06] info: Printed full order cancellation for order 11 on 192.168.1.100
[2025-08-06 12:07:06] warn: No Data Found
[2025-08-06 12:07:07] warn: No Data Found
[2025-08-06 12:07:07] warn: No Data Found
[2025-08-06 12:07:12] warn: No Data Found
[2025-08-06 12:07:12] warn: No Data Found
[2025-08-06 12:07:29] warn: No Data Found
[2025-08-06 12:07:29] warn: No Data Found
[2025-08-06 12:07:29] warn: No Data Found
[2025-08-06 12:07:30] warn: No Data Found
[2025-08-06 12:08:18] warn: No Data Found
[2025-08-06 12:08:18] info: Filter: 
[2025-08-06 12:08:18] warn: No Data Found
[2025-08-06 12:08:19] warn: No Data Found
[2025-08-06 12:08:20] warn: No Data Found
[2025-08-06 12:08:34] error: Image deletion failed: Image not found
[2025-08-06 12:08:50] error: Image deletion failed: Image not found
[2025-08-06 12:09:51] info: Image deleted successfully: http://localhost:3001/api/images/a097a1cd-b35a-4c59-ac2b-7d60c1232640/5d2dc546-d617-45c2-9e64-87bcd78dd02e-optaboutcomcoeusresourcescontentmigrationsimplyrecipesuploads201909easy-pepperoni-pizza-lead-3-1024x682-583b275444104ef189d693a64df625da.jpg
[2025-08-06 12:10:10] info: Image deleted successfully: http://localhost:3001/api/images/a097a1cd-b35a-4c59-ac2b-7d60c1232640/5d2dc546-d617-45c2-9e64-87bcd78dd02e-optaboutcomcoeusresourcescontentmigrationsimplyrecipesuploads201909easy-pepperoni-pizza-lead-3-1024x682-583b275444104ef189d693a64df625da.jpg
[2025-08-06 12:10:57] info: Image deleted successfully: http://localhost:3001/api/images/a097a1cd-b35a-4c59-ac2b-7d60c1232640/5d2dc546-d617-45c2-9e64-87bcd78dd02e-optaboutcomcoeusresourcescontentmigrationsimplyrecipesuploads201909easy-pepperoni-pizza-lead-3-1024x682-583b275444104ef189d693a64df625da.jpg
[2025-08-06 12:11:35] warn: Brand Not Found
[2025-08-06 12:11:36] warn: Brand Not Found
[2025-08-06 12:11:38] warn: Brand Not Found
[2025-08-06 12:11:42] warn: Brand Not Found
[2025-08-06 12:12:20] warn: No Data Found
[2025-08-06 12:12:20] warn: No Data Found
[2025-08-06 12:12:20] warn: No Data Found
[2025-08-06 12:12:21] warn: No Data Found
[2025-08-06 12:14:23] warn: Brand Not Found
[2025-08-06 12:14:24] warn: Brand Not Found
[2025-08-06 12:14:26] warn: Brand Not Found
[2025-08-06 12:14:30] warn: Brand Not Found
[2025-08-06 12:15:41] info: Filter: 
[2025-08-06 12:15:56] info: Filter: 
[2025-08-06 12:38:30] warn: No Data Found
[2025-08-06 12:38:30] warn: No Data Found
[2025-08-06 12:38:30] warn: No Data Found
[2025-08-06 12:38:32] warn: No Data Found
[2025-08-06 12:38:32] warn: No Data Found
[2025-08-06 12:38:32] warn: No Data Found
[2025-08-06 12:38:38] info: Printed 2 items on 192.168.1.100
[2025-08-06 12:38:53] warn: Brand Not Found
[2025-08-06 12:38:54] warn: Brand Not Found
[2025-08-06 12:38:56] warn: Brand Not Found
[2025-08-06 12:39:00] warn: Brand Not Found
[2025-08-06 12:39:07] warn: Brand Not Found
[2025-08-06 12:40:45] warn: Brand Not Found
[2025-08-06 12:40:47] warn: Brand Not Found
[2025-08-06 12:40:51] warn: Brand Not Found
[2025-08-06 12:41:07] warn: Brand Not Found
[2025-08-06 12:41:09] warn: Brand Not Found
[2025-08-06 12:41:13] warn: Brand Not Found
[2025-08-06 12:41:26] warn: Brand Not Found
[2025-08-06 12:41:27] warn: Brand Not Found
[2025-08-06 12:41:32] warn: Brand Not Found
[2025-08-06 12:41:48] warn: Brand Not Found
[2025-08-06 12:42:28] warn: No Data Found
[2025-08-06 12:42:28] warn: No Data Found
[2025-08-06 12:42:28] warn: No Data Found
[2025-08-06 12:42:29] warn: No Data Found
[2025-08-06 12:43:58] warn: Brand Not Found
[2025-08-06 12:43:59] warn: Brand Not Found
[2025-08-06 12:44:01] warn: Brand Not Found
[2025-08-06 12:44:05] warn: Brand Not Found
[2025-08-07 12:20:48] warn: No Data Found
[2025-08-07 12:20:48] warn: No Data Found
[2025-08-07 12:20:48] warn: No Data Found
[2025-08-07 12:20:48] info: Filter: 
[2025-08-07 12:20:49] warn: No Data Found
[2025-08-07 12:21:43] info: Image uploaded successfully: http://localhost:3001/api/images/ef07e354-4a96-4cab-8077-3a617551fbe9/a9bb73b2-0b1e-4609-8da5-8d63af99174e-ar-24878-bbq-chicken-pizza-beauty-4x3-39cd80585ad04941914dca4bd82eae3d.jpg
[2025-08-07 12:21:43] info: Image uploaded successfully: http://localhost:3001/api/images/ef07e354-4a96-4cab-8077-3a617551fbe9/a9bb73b2-0b1e-4609-8da5-8d63af99174e-ar-24878-bbq-chicken-pizza-beauty-4x3-39cd80585ad04941914dca4bd82eae3d.jpg
[2025-08-07 12:21:57] info: Image uploaded successfully: http://localhost:3001/api/images/36c07491-2eab-4b08-904e-5c971120d018/30d80370-906f-4d19-9224-7e0d12866b14-ar-24878-bbq-chicken-pizza-beauty-4x3-39cd80585ad04941914dca4bd82eae3d.jpg
[2025-08-07 12:21:57] info: Image uploaded successfully: http://localhost:3001/api/images/36c07491-2eab-4b08-904e-5c971120d018/30d80370-906f-4d19-9224-7e0d12866b14-ar-24878-bbq-chicken-pizza-beauty-4x3-39cd80585ad04941914dca4bd82eae3d.jpg
[2025-08-07 12:24:52] info: Image uploaded successfully: http://localhost:3001/api/images/92d6593d-96a9-41aa-a2b7-61dfc70fc14f/2aecb91e-8b25-4da2-b984-32b0a34adba4-ar-24878-bbq-chicken-pizza-beauty-4x3-39cd80585ad04941914dca4bd82eae3d.jpg
[2025-08-07 12:24:52] info: Image uploaded successfully: http://localhost:3001/api/images/92d6593d-96a9-41aa-a2b7-61dfc70fc14f/2aecb91e-8b25-4da2-b984-32b0a34adba4-ar-24878-bbq-chicken-pizza-beauty-4x3-39cd80585ad04941914dca4bd82eae3d.jpg
[2025-08-07 12:25:59] info: Image uploaded successfully: http://localhost:3001/api/images/84469216-4fd2-4130-b211-e93020351965/4f0f1906-6e1f-4e6f-ae22-6bbeec4f393a-ar-24878-bbq-chicken-pizza-beauty-4x3-39cd80585ad04941914dca4bd82eae3d.jpg
[2025-08-07 12:25:59] info: Image uploaded successfully: http://localhost:3001/api/images/84469216-4fd2-4130-b211-e93020351965/4f0f1906-6e1f-4e6f-ae22-6bbeec4f393a-ar-24878-bbq-chicken-pizza-beauty-4x3-39cd80585ad04941914dca4bd82eae3d.jpg
[2025-08-09 11:34:03] warn: No Data Found
[2025-08-09 11:34:03] warn: Not Data Found
[2025-08-09 11:34:05] warn: Not Data Found
[2025-08-09 11:34:05] warn: No Data Found
[2025-08-09 11:34:07] warn: Not Data Found
[2025-08-09 11:34:07] warn: No Data Found
[2025-08-09 11:34:12] warn: Not Data Found
[2025-08-09 11:34:12] warn: No Data Found
[2025-08-09 11:35:13] info: Filter: 
[2025-08-09 11:35:13] warn: No Data Found
[2025-08-09 11:35:13] warn: No Data Found
[2025-08-09 11:35:13] warn: No Data Found
[2025-08-09 11:35:14] warn: No Data Found
[2025-08-09 11:35:24] info: Filter: 
[2025-08-09 11:35:24] warn: No Data Found
[2025-08-09 11:35:24] warn: No Data Found
[2025-08-09 11:35:24] warn: No Data Found
[2025-08-09 11:35:25] warn: No Data Found
[2025-08-09 11:35:25] warn: No Data Found
[2025-08-09 11:35:26] warn: No Data Found
[2025-08-09 11:35:35] info: Order 14 marked as cancelled in database
[2025-08-09 11:35:47] error: Order cancellation print failed on 192.168.1.100: Socket timeout
{
  "stack": "Error: Socket timeout\n    at Socket.<anonymous> (D:\\Programing\\WorkFolders\\restaurant-pos\\backend\\node_modules\\node-thermal-printer\\lib\\interfaces\\network.js:76:16)\n    at Socket.emit (node:events:507:28)\n    at Socket.emit (node:domain:489:12)\n    at Socket._onTimeout (node:net:604:8)\n    at listOnTimeout (node:internal/timers:608:17)\n    at processTimers (node:internal/timers:543:7)"
}
[2025-08-09 11:35:55] warn: No Data Found
[2025-08-09 11:35:55] info: Filter: 
[2025-08-09 11:35:55] warn: No Data Found
[2025-08-09 11:35:55] warn: No Data Found
[2025-08-09 11:35:56] warn: No Data Found
[2025-08-09 11:36:01] warn: No Data Found
[2025-08-09 11:36:01] warn: No Data Found
[2025-08-09 11:36:02] warn: No Data Found
[2025-08-09 11:36:05] warn: No Data Found
[2025-08-09 11:36:05] warn: No Data Found
[2025-08-09 11:36:05] warn: No Data Found
[2025-08-09 11:36:06] warn: No Data Found
[2025-08-09 11:36:15] warn: No Data Found
[2025-08-09 11:36:15] info: Filter: 
[2025-08-09 11:36:15] warn: No Data Found
[2025-08-09 11:36:15] warn: No Data Found
[2025-08-09 11:36:16] warn: No Data Found
[2025-08-09 11:36:21] warn: No Data Found
[2025-08-09 11:36:21] warn: No Data Found
[2025-08-09 11:36:22] warn: No Data Found
[2025-08-09 11:36:54] warn: No Data Found
[2025-08-09 11:36:55] debug: DB: transaction
{
  "phase": "START"
}
[2025-08-09 11:36:55] debug: DB: menuItem.findFirst
{
  "itemCount": 4
}
[2025-08-09 11:36:55] info: PERF: Fetch menu items completed in 3ms
{
  "count": 4,
  "menuItems": [
    {
      "id": 1,
      "title": "Pizza"
    },
    {
      "id": 1,
      "title": "Pizza"
    },
    {
      "id": 1,
      "title": "Pizza"
    },
    {
      "id": 1,
      "title": "Pizza"
    }
  ]
}
[2025-08-09 11:36:55] debug: Calculating old item quantities
[2025-08-09 11:36:55] debug: Old quantities calculated
{
  "oldItemMap": {
    "pizza": 3
  }
}
[2025-08-09 11:36:55] debug: Calculating new item quantities
[2025-08-09 11:36:55] debug: New quantities calculated
{
  "newItemMap": {
    "pizza": 4
  }
}
[2025-08-09 11:36:55] info: Processing supply updates
{
  "itemNames": [
    "pizza"
  ]
}
[2025-08-09 11:36:55] debug: Processing item supply update
{
  "itemName": "pizza",
  "oldQty": 3,
  "newQty": 4,
  "qtyDifference": 1
}
[2025-08-09 11:36:55] debug: Found supplies for item
{
  "itemName": "pizza",
  "suppliesCount": 1,
  "supplies": [
    {
      "id": 1,
      "remainingQuantity": 102
    }
  ]
}
[2025-08-09 11:36:55] debug: Starting supply deduction process
{
  "itemName": "pizza",
  "totalToDeduct": 1
}
[2025-08-09 11:36:55] debug: Processing individual supply
{
  "supplyId": 1,
  "currentRemaining": 102,
  "remainingToDeduct": 1,
  "calculatedNewQty": 101
}
[2025-08-09 11:36:55] debug: Supply fully satisfied deduction
{
  "supplyId": 1,
  "oldQuantity": 102,
  "newQuantity": 101,
  "deducted": 1
}
[2025-08-09 11:36:55] info: PERF: Supply updates completed in 3ms
[2025-08-09 11:36:55] debug: DB: order.update
{
  "orderId": 15
}
[2025-08-09 11:36:55] info: undefined
[2025-08-09 11:36:55] info: PERF: updateOrder completed in 21ms
{
  "orderId": 15,
  "finalItemsCount": 4,
  "newInvoiceId": 20,
  "newInvoiceVersion": 2
}
[2025-08-09 11:36:55] debug: updateOrder - EXIT
{
  "success": true
}
[2025-08-09 11:36:58] info: Order 15 marked as cancelled in database
[2025-08-09 11:37:08] warn: Printer 192.168.1.100 not connected
[2025-08-09 11:37:14] warn: No Data Found
[2025-08-09 11:37:14] warn: No Data Found
[2025-08-09 11:37:14] warn: No Data Found
[2025-08-09 11:37:15] warn: No Data Found
[2025-08-09 12:53:25] info: Filter: 
[2025-08-09 12:53:51] info: Image uploaded successfully: http://localhost:3001/api/images/14e27fe4-0269-4b11-9d00-60050eb0cf34/f38cefc8-ba56-4b38-9214-dd53e32db328-asian-grilled-chicken-7.jpg
[2025-08-09 12:53:51] info: Image uploaded successfully: http://localhost:3001/api/images/14e27fe4-0269-4b11-9d00-60050eb0cf34/f38cefc8-ba56-4b38-9214-dd53e32db328-asian-grilled-chicken-7.jpg
[2025-08-09 12:53:51] info: Filter: 
[2025-08-09 12:55:22] info: Filter: 
[2025-08-09 12:55:42] info: Image uploaded successfully: http://localhost:3001/api/images/5425c630-2f63-4fd4-93a2-132fc3f59895/388a9634-0936-49cf-a093-8b026fd76dba-25202beef-stroganoff-iii-ddmfs-3x4-233-0f26fa477e9c446b970a32502468efc6.jpg
[2025-08-09 12:55:42] info: Image uploaded successfully: http://localhost:3001/api/images/5425c630-2f63-4fd4-93a2-132fc3f59895/388a9634-0936-49cf-a093-8b026fd76dba-25202beef-stroganoff-iii-ddmfs-3x4-233-0f26fa477e9c446b970a32502468efc6.jpg
[2025-08-09 12:55:42] info: Filter: 
