[2025-06-24 13:07:31] [31merror[39m: Validation failed: [
  {
    "code": "invalid_type",
    "expected": "string",
    "received": "undefined",
    "path": [
      "password"
    ],
    "message": "Required"
  }
]
[2025-06-24 13:07:31] [33mwarn[39m: Missing info [
  {
    "code": "invalid_type",
    "expected": "string",
    "received": "undefined",
    "path": [
      "password"
    ],
    "message": "Required"
  }
]
[2025-06-24 13:43:43] [31merror[39m: Validation failed: [
  {
    "code": "invalid_type",
    "expected": "string",
    "received": "undefined",
    "path": [
      "password"
    ],
    "message": "Required"
  }
]
[2025-06-24 13:43:43] [33mwarn[39m: Missing info [
  {
    "code": "invalid_type",
    "expected": "string",
    "received": "undefined",
    "path": [
      "password"
    ],
    "message": "Required"
  }
]
[2025-06-24 13:44:13] [31merror[39m: Validation failed: [
  {
    "code": "invalid_type",
    "expected": "string",
    "received": "undefined",
    "path": [
      "password"
    ],
    "message": "Required"
  }
]
[2025-06-24 13:44:13] [33mwarn[39m: Missing info [
  {
    "code": "invalid_type",
    "expected": "string",
    "received": "undefined",
    "path": [
      "password"
    ],
    "message": "Required"
  }
]
[2025-06-24 13:44:21] [31merror[39m: Validation failed: [
  {
    "code": "invalid_type",
    "expected": "string",
    "received": "undefined",
    "path": [
      "password"
    ],
    "message": "Required"
  }
]
[2025-06-24 13:44:21] [33mwarn[39m: Missing info [
  {
    "code": "invalid_type",
    "expected": "string",
    "received": "undefined",
    "path": [
      "password"
    ],
    "message": "Required"
  }
]
[2025-06-24 13:45:02] [31merror[39m: Validation failed: [
  {
    "code": "invalid_type",
    "expected": "string",
    "received": "undefined",
    "path": [
      "password"
    ],
    "message": "Required"
  }
]
[2025-06-24 13:45:02] [33mwarn[39m: Missing info [
  {
    "code": "invalid_type",
    "expected": "string",
    "received": "undefined",
    "path": [
      "password"
    ],
    "message": "Required"
  }
]
[2025-06-24 13:45:47] [31merror[39m: Validation failed: [
  {
    "code": "invalid_type",
    "expected": "string",
    "received": "undefined",
    "path": [
      "password"
    ],
    "message": "Required"
  }
]
[2025-06-24 13:45:47] [33mwarn[39m: Missing info [
  {
    "code": "invalid_type",
    "expected": "string",
    "received": "undefined",
    "path": [
      "password"
    ],
    "message": "Required"
  }
]
[2025-06-25 12:15:12] [32minfo[39m: Filter: 
[2025-06-25 12:15:30] [33mwarn[39m: No Data Found
[2025-06-25 12:15:30] [33mwarn[39m: No Data Found
[2025-06-25 12:15:31] [33mwarn[39m: No Data Found
[2025-06-25 12:15:53] [32minfo[39m: undefined
[2025-06-25 12:16:14] [32minfo[39m: undefined
[2025-06-25 12:19:41] [32minfo[39m: Filter: 
[2025-06-25 12:19:41] [33mwarn[39m: No Data Found
[2025-06-25 12:19:42] [33mwarn[39m: No Data Found
[2025-06-25 12:22:41] [32minfo[39m: undefined
[2025-06-25 12:24:41] [32minfo[39m: Filter: 
[2025-06-25 12:27:52] [32minfo[39m: Filter: 
[2025-06-25 12:30:48] [32minfo[39m: Filter: 
[2025-06-25 12:41:20] [32minfo[39m: undefined
[2025-06-25 12:41:25] [32minfo[39m: Filter: 
[2025-06-25 12:41:46] [32minfo[39m: undefined
[2025-06-25 12:41:51] [32minfo[39m: Filter: 
[2025-06-25 12:41:56] [33mwarn[39m: No Data Found
[2025-06-25 12:41:56] [33mwarn[39m: No Data Found
[2025-06-25 12:41:57] [33mwarn[39m: No Data Found
[2025-06-25 12:47:07] [33mwarn[39m: No Data Found
[2025-06-25 12:47:07] [32minfo[39m: Filter: 
[2025-06-25 12:47:08] [33mwarn[39m: No Data Found
[2025-06-25 12:47:28] [32minfo[39m: undefined
[2025-06-25 12:47:56] [32minfo[39m: Filter: 
[2025-06-25 12:48:04] [32minfo[39m: undefined
[2025-06-25 12:48:15] [32minfo[39m: undefined
[2025-06-25 12:48:20] [32minfo[39m: Filter: 
[2025-06-25 12:48:24] [32minfo[39m: Filter: 
[2025-06-25 12:48:44] [33mwarn[39m: No Data Found
[2025-06-25 12:48:44] [33mwarn[39m: No Data Found
[2025-06-25 12:48:45] [33mwarn[39m: No Data Found
[2025-06-25 12:48:49] [32minfo[39m: undefined
[2025-06-25 12:48:54] [32minfo[39m: undefined
[2025-06-25 12:49:15] [32minfo[39m: Filter: 
[2025-06-25 12:49:15] [33mwarn[39m: No Data Found
[2025-06-25 12:49:16] [33mwarn[39m: No Data Found
[2025-06-25 12:49:32] [33mwarn[39m: No Data Found
[2025-06-25 12:49:32] [33mwarn[39m: No Data Found
[2025-06-25 12:49:33] [33mwarn[39m: No Data Found
[2025-06-25 12:49:39] [32minfo[39m: undefined
[2025-06-25 12:50:00] [32minfo[39m: Filter: 
[2025-06-25 12:57:16] [32minfo[39m: Filter: 
[2025-06-25 12:58:33] [32minfo[39m: Filter: 
[2025-06-25 12:59:45] [31merror[39m: Validation failed: [
  {
    "code": "invalid_type",
    "expected": "number",
    "received": "undefined",
    "path": [
      "packageQty"
    ],
    "message": "Required"
  },
  {
    "code": "invalid_type",
    "expected": "number",
    "received": "undefined",
    "path": [
      "itemQty"
    ],
    "message": "Required"
  },
  {
    "code": "invalid_type",
    "expected": "number",
    "received": "undefined",
    "path": [
      "packagePrice"
    ],
    "message": "Required"
  },
  {
    "code": "invalid_type",
    "expected": "number",
    "received": "undefined",
    "path": [
      "itemPrice"
    ],
    "message": "Required"
  },
  {
    "code": "invalid_type",
    "expected": "number",
    "received": "undefined",
    "path": [
      "itemSellPrice"
    ],
    "message": "Required"
  }
]
[2025-06-25 12:59:45] [33mwarn[39m: Error:  [
  {
    "code": "invalid_type",
    "expected": "number",
    "received": "undefined",
    "path": [
      "packageQty"
    ],
    "message": "Required"
  },
  {
    "code": "invalid_type",
    "expected": "number",
    "received": "undefined",
    "path": [
      "itemQty"
    ],
    "message": "Required"
  },
  {
    "code": "invalid_type",
    "expected": "number",
    "received": "undefined",
    "path": [
      "packagePrice"
    ],
    "message": "Required"
  },
  {
    "code": "invalid_type",
    "expected": "number",
    "received": "undefined",
    "path": [
      "itemPrice"
    ],
    "message": "Required"
  },
  {
    "code": "invalid_type",
    "expected": "number",
    "received": "undefined",
    "path": [
      "itemSellPrice"
    ],
    "message": "Required"
  }
]
[2025-06-25 12:59:47] [31merror[39m: Validation failed: [
  {
    "code": "invalid_type",
    "expected": "number",
    "received": "undefined",
    "path": [
      "packageQty"
    ],
    "message": "Required"
  },
  {
    "code": "invalid_type",
    "expected": "number",
    "received": "undefined",
    "path": [
      "itemQty"
    ],
    "message": "Required"
  },
  {
    "code": "invalid_type",
    "expected": "number",
    "received": "undefined",
    "path": [
      "packagePrice"
    ],
    "message": "Required"
  },
  {
    "code": "invalid_type",
    "expected": "number",
    "received": "undefined",
    "path": [
      "itemPrice"
    ],
    "message": "Required"
  },
  {
    "code": "invalid_type",
    "expected": "number",
    "received": "undefined",
    "path": [
      "itemSellPrice"
    ],
    "message": "Required"
  }
]
[2025-06-25 12:59:47] [33mwarn[39m: Error:  [
  {
    "code": "invalid_type",
    "expected": "number",
    "received": "undefined",
    "path": [
      "packageQty"
    ],
    "message": "Required"
  },
  {
    "code": "invalid_type",
    "expected": "number",
    "received": "undefined",
    "path": [
      "itemQty"
    ],
    "message": "Required"
  },
  {
    "code": "invalid_type",
    "expected": "number",
    "received": "undefined",
    "path": [
      "packagePrice"
    ],
    "message": "Required"
  },
  {
    "code": "invalid_type",
    "expected": "number",
    "received": "undefined",
    "path": [
      "itemPrice"
    ],
    "message": "Required"
  },
  {
    "code": "invalid_type",
    "expected": "number",
    "received": "undefined",
    "path": [
      "itemSellPrice"
    ],
    "message": "Required"
  }
]
[2025-06-25 12:59:49] [31merror[39m: Validation failed: [
  {
    "code": "invalid_type",
    "expected": "number",
    "received": "undefined",
    "path": [
      "packageQty"
    ],
    "message": "Required"
  },
  {
    "code": "invalid_type",
    "expected": "number",
    "received": "undefined",
    "path": [
      "itemQty"
    ],
    "message": "Required"
  },
  {
    "code": "invalid_type",
    "expected": "number",
    "received": "undefined",
    "path": [
      "packagePrice"
    ],
    "message": "Required"
  },
  {
    "code": "invalid_type",
    "expected": "number",
    "received": "undefined",
    "path": [
      "itemPrice"
    ],
    "message": "Required"
  },
  {
    "code": "invalid_type",
    "expected": "number",
    "received": "undefined",
    "path": [
      "itemSellPrice"
    ],
    "message": "Required"
  }
]
[2025-06-25 12:59:49] [33mwarn[39m: Error:  [
  {
    "code": "invalid_type",
    "expected": "number",
    "received": "undefined",
    "path": [
      "packageQty"
    ],
    "message": "Required"
  },
  {
    "code": "invalid_type",
    "expected": "number",
    "received": "undefined",
    "path": [
      "itemQty"
    ],
    "message": "Required"
  },
  {
    "code": "invalid_type",
    "expected": "number",
    "received": "undefined",
    "path": [
      "packagePrice"
    ],
    "message": "Required"
  },
  {
    "code": "invalid_type",
    "expected": "number",
    "received": "undefined",
    "path": [
      "itemPrice"
    ],
    "message": "Required"
  },
  {
    "code": "invalid_type",
    "expected": "number",
    "received": "undefined",
    "path": [
      "itemSellPrice"
    ],
    "message": "Required"
  }
]
[2025-06-25 13:14:53] [32minfo[39m: Filter: 
[2025-06-25 13:49:04] [32minfo[39m: Filter: 
[2025-06-25 13:49:22] [32minfo[39m: undefined
[2025-06-25 16:08:45] [33mwarn[39m: Brand Not Found
[2025-06-25 16:08:46] [33mwarn[39m: Brand Not Found
[2025-06-25 16:08:48] [33mwarn[39m: Brand Not Found
[2025-06-25 16:09:16] [32minfo[39m: Filter: 
[2025-06-25 16:09:16] [33mwarn[39m: No Data Found
[2025-06-25 16:09:17] [33mwarn[39m: No Data Found
[2025-06-25 16:12:41] [32minfo[39m: Filter: 
[2025-06-25 16:14:22] [33mwarn[39m: Brand Not Found
[2025-06-25 16:14:23] [33mwarn[39m: Brand Not Found
[2025-06-25 16:14:25] [33mwarn[39m: Brand Not Found
[2025-06-25 16:15:27] [33mwarn[39m: No Data Found
[2025-06-25 16:15:27] [33mwarn[39m: No Data Found
[2025-06-25 16:15:28] [33mwarn[39m: No Data Found
[2025-06-25 16:16:19] [32minfo[39m: undefined
[2025-06-25 16:16:57] [32minfo[39m: Filter: 
[2025-06-25 16:17:04] [33mwarn[39m: No Data Found
[2025-06-25 16:17:05] [33mwarn[39m: No Data Found
[2025-06-26 11:40:41] [31merror[39m: Create UserRole Service:  User role with this name already exists.
[2025-06-26 11:42:53] [31merror[39m: Create UserRole Service:  User role with this name already exists.
[2025-06-26 11:43:52] [31merror[39m: Create UserRole Service:  User role with this name already exists.
[2025-06-26 12:16:28] [32minfo[39m: Filter: 
[2025-06-26 12:23:11] [31merror[39m: Validation failed: [
  {
    "code": "invalid_date",
    "path": [
      "purchasedAt"
    ],
    "message": "Invalid date"
  }
]
[2025-06-26 12:23:11] [33mwarn[39m: Error:  [
  {
    "code": "invalid_date",
    "path": [
      "purchasedAt"
    ],
    "message": "Invalid date"
  }
]
[2025-06-26 12:23:43] [31merror[39m: Validation failed: [
  {
    "code": "invalid_date",
    "path": [
      "purchasedAt"
    ],
    "message": "Invalid date"
  }
]
[2025-06-26 12:23:43] [33mwarn[39m: Error:  [
  {
    "code": "invalid_date",
    "path": [
      "purchasedAt"
    ],
    "message": "Invalid date"
  }
]
[2025-06-26 12:24:04] [31merror[39m: Create Supply:  
Invalid `prisma.supply.create()` invocation:


Foreign key constraint violated on the constraint: `supply_companyId_fkey`
[2025-06-26 12:36:36] [31merror[39m: Create Payment Service:  
Invalid `prisma.payment.create()` invocation:


Foreign key constraint violated on the constraint: `Payment_companyDebtId_fkey`
[2025-06-26 14:20:15] [31merror[39m: Create Payment Service:  
Invalid `prisma.payment.create()` invocation:

{
  data: {
    companyId: 1,
    ~~~~~~~~~
    invoiceNumber: "INVC003",
    userId: 1,
    currency: "IQD",
    amount: 6000,
    note: "No Notes",
    companyDebtId: 2,
?   id?: Int,
?   isLatestVersion?: Boolean | Null,
?   paymentDate?: DateTime,
?   createdAt?: DateTime,
?   updatedAt?: DateTime
  }
}

Unknown argument `companyId`. Available options are marked with ?.
[2025-06-26 14:24:33] [32minfo[39m: Excess payment amount: 1000
[2025-06-26 14:26:37] [31merror[39m: Create Payment Service:  All debts are already paid.
[2025-06-26 14:27:44] [31merror[39m: Create Payment Service:  All debts are already paid.
[2025-06-26 14:29:10] [31merror[39m: Create Payment Service:  All debts are already paid.
[2025-06-26 14:30:13] [31merror[39m: Create Payment Service:  All debts are already paid.
[2025-06-26 14:31:21] [31merror[39m: Create Payment Service:  All debts are already paid.
[2025-06-26 14:33:07] [32minfo[39m: Excess payment amount: 9000
[2025-06-26 16:58:49] [31merror[39m: Get Finances Service:  
Invalid `prisma.companyDebt.findMany()` invocation:


The column `CompanyDebt.currency` does not exist in the current database.
[2025-06-26 16:58:52] [31merror[39m: Get Finances Service:  
Invalid `prisma.companyDebt.findMany()` invocation:


The column `CompanyDebt.currency` does not exist in the current database.
[2025-06-26 17:09:46] [33mwarn[39m: Invalid Amount.
[2025-06-28 10:59:47] [33mwarn[39m: Invalid Amount.
[2025-06-28 11:41:05] [32minfo[39m: Filter: 
[2025-06-28 11:42:18] [33mwarn[39m: No Data Found
[2025-06-28 11:42:19] [33mwarn[39m: No Data Found
[2025-06-28 11:46:16] [32minfo[39m: Filter: 
[2025-06-28 11:54:40] [32minfo[39m: Filter: 
[2025-06-28 11:59:46] [32minfo[39m: Filter: 
[2025-06-28 11:59:59] [33mwarn[39m: No Data Found
[2025-06-28 12:00:00] [33mwarn[39m: No Data Found
[2025-06-29 09:59:40] [31merror[39m: Get Finances Service:  
Invalid `prisma.companyDebt.findMany()` invocation:


The column `CompanyDebt.currency` does not exist in the current database.
[2025-06-29 09:59:41] [31merror[39m: Get Finances Service:  
Invalid `prisma.companyDebt.findMany()` invocation:


The column `CompanyDebt.currency` does not exist in the current database.
[2025-06-29 09:59:44] [31merror[39m: Get Finances Service:  
Invalid `prisma.companyDebt.findMany()` invocation:


The column `CompanyDebt.currency` does not exist in the current database.
[2025-06-29 09:59:46] [31merror[39m: Get Finances Service:  
Invalid `prisma.companyDebt.findMany()` invocation:


The column `CompanyDebt.currency` does not exist in the current database.
[2025-06-29 09:59:48] [31merror[39m: Get Finances Service:  
Invalid `prisma.companyDebt.findMany()` invocation:


The column `CompanyDebt.currency` does not exist in the current database.
[2025-06-29 09:59:50] [31merror[39m: Get Finances Service:  
Invalid `prisma.companyDebt.findMany()` invocation:


The column `CompanyDebt.currency` does not exist in the current database.
[2025-06-29 09:59:52] [31merror[39m: Get Finances Service:  
Invalid `prisma.companyDebt.findMany()` invocation:


The column `CompanyDebt.currency` does not exist in the current database.
[2025-06-29 09:59:54] [31merror[39m: Get Finances Service:  
Invalid `prisma.companyDebt.findMany()` invocation:


The column `CompanyDebt.currency` does not exist in the current database.
[2025-06-29 10:00:09] [31merror[39m: Get Finances Service:  
Invalid `prisma.companyDebt.findMany()` invocation:


The column `CompanyDebt.currency` does not exist in the current database.
[2025-06-29 10:00:12] [31merror[39m: Get Finances Service:  
Invalid `prisma.companyDebt.findMany()` invocation:


The column `CompanyDebt.currency` does not exist in the current database.
[2025-06-29 10:00:16] [31merror[39m: Get Finances Service:  
Invalid `prisma.companyDebt.findMany()` invocation:


The column `CompanyDebt.currency` does not exist in the current database.
[2025-06-29 10:00:21] [31merror[39m: Get Finances Service:  
Invalid `prisma.companyDebt.findMany()` invocation:


The column `CompanyDebt.currency` does not exist in the current database.
[2025-06-29 10:07:05] [31merror[39m: Auth Create User Service:  
Invalid `prisma.user.create()` invocation:


Foreign key constraint violated on the constraint: `User_roleId_fkey`
[2025-06-29 10:08:41] [31merror[39m: Create UserRole Service:  
Invalid `prisma.userRole.create()` invocation:


Unique constraint failed on the fields: (`name`)
[2025-06-29 10:09:43] [31merror[39m: Create UserRole Service:  
Invalid `prisma.userRole.create()` invocation:


Unique constraint failed on the fields: (`name`)
[2025-06-29 10:12:37] [31merror[39m: Create UserRole Service:  
Invalid `prisma.userRole.create()` invocation:


Unique constraint failed on the fields: (`name`)
[2025-06-29 10:14:32] [31merror[39m: Create UserRole Service:  
Invalid `prisma.userRole.create()` invocation:


Unique constraint failed on the fields: (`name`)
[2025-06-29 10:14:47] [31merror[39m: Create UserRole Service:  
Invalid `prisma.userRole.create()` invocation:


Unique constraint failed on the fields: (`name`)
[2025-06-29 10:15:30] [31merror[39m: Auth login Service:  The "salt" argument must be of type string or an instance of ArrayBuffer, Buffer, TypedArray, or DataView. Received undefined
[2025-06-29 10:15:54] [31merror[39m: Auth login Service:  The "salt" argument must be of type string or an instance of ArrayBuffer, Buffer, TypedArray, or DataView. Received undefined
[2025-06-29 10:16:11] [31merror[39m: Auth Create User Service:  
Invalid `prisma.user.create()` invocation:


Unique constraint failed on the fields: (`username`)
[2025-07-03 13:43:43] [32minfo[39m: Filter: 
[2025-07-03 13:43:45] [33mwarn[39m: No Data Found
[2025-07-03 14:02:48] [32minfo[39m: Filter: 
[2025-07-03 14:02:50] [33mwarn[39m: No Data Found
[2025-07-03 14:02:51] [33mwarn[39m: No Data Found
[2025-07-03 14:38:05] [31merror[39m: Transfer Table Service:  
Invalid `prisma.table.update()` invocation:


Transaction API error: Transaction already closed: A query cannot be executed on an expired transaction. The timeout for this transaction was 5000 ms, however 5164 ms passed since the start of the transaction. Consider increasing the interactive transaction timeout or doing less work in the transaction.
[2025-07-03 14:38:52] [32minfo[39m: Filter: 
[2025-07-03 14:39:03] [31merror[39m: Transfer Table Service:  Transaction API error: Transaction not found. Transaction ID is invalid, refers to an old closed transaction Prisma doesn't have information about anymore, or was obtained before disconnecting.
[2025-07-03 14:41:28] [31merror[39m: Transfer Table Service:  
Invalid `prisma.table.update()` invocation:


Transaction API error: Transaction already closed: A query cannot be executed on an expired transaction. The timeout for this transaction was 5000 ms, however 5274 ms passed since the start of the transaction. Consider increasing the interactive transaction timeout or doing less work in the transaction.
[2025-07-03 14:41:41] [31merror[39m: Transfer Table Service:  
Invalid `prisma.table.update()` invocation:


Transaction API error: Transaction already closed: A query cannot be executed on an expired transaction. The timeout for this transaction was 5000 ms, however 5125 ms passed since the start of the transaction. Consider increasing the interactive transaction timeout or doing less work in the transaction.
[2025-07-03 14:42:07] [33mwarn[39m: No Data Found
[2025-07-03 14:42:56] [32minfo[39m: Filter: 
[2025-07-03 14:43:07] [33mwarn[39m: No Data Found
[2025-07-03 14:43:40] [31merror[39m: Transfer Table Service:  
Invalid `prisma.table.update()` invocation:


Transaction API error: Transaction already closed: A query cannot be executed on an expired transaction. The timeout for this transaction was 5000 ms, however 6751 ms passed since the start of the transaction. Consider increasing the interactive transaction timeout or doing less work in the transaction.
[2025-07-03 14:43:50] [31merror[39m: Transfer Table Service:  
Invalid `prisma.table.update()` invocation:


Transaction API error: Transaction already closed: A query cannot be executed on an expired transaction. The timeout for this transaction was 5000 ms, however 5610 ms passed since the start of the transaction. Consider increasing the interactive transaction timeout or doing less work in the transaction.
[2025-07-03 15:48:02] [31merror[39m: Transfer Table Service:  
Invalid `prisma.table.update()` invocation:


Transaction API error: Transaction already closed: A query cannot be executed on an expired transaction. The timeout for this transaction was 5000 ms, however 5150 ms passed since the start of the transaction. Consider increasing the interactive transaction timeout or doing less work in the transaction.
[2025-07-03 15:48:22] [31merror[39m: Transfer Table Service:  
Invalid `prisma.table.update()` invocation:


Transaction API error: Transaction already closed: A query cannot be executed on an expired transaction. The timeout for this transaction was 5000 ms, however 5117 ms passed since the start of the transaction. Consider increasing the interactive transaction timeout or doing less work in the transaction.
[2025-07-03 15:52:27] [31merror[39m: Transfer Table Service:  Transaction API error: Transaction already closed: A commit cannot be executed on an expired transaction. The timeout for this transaction was 5000 ms, however 5146 ms passed since the start of the transaction. Consider increasing the interactive transaction timeout or doing less work in the transaction.
[2025-07-03 15:54:08] [31merror[39m: Transfer Table Service:  
Invalid `prisma.table.update()` invocation:


Transaction API error: Transaction already closed: A query cannot be executed on an expired transaction. The timeout for this transaction was 5000 ms, however 5265 ms passed since the start of the transaction. Consider increasing the interactive transaction timeout or doing less work in the transaction.
[2025-07-03 15:54:34] [31merror[39m: Transfer Table Service:  
Invalid `prisma.table.update()` invocation:


Transaction API error: Transaction already closed: A query cannot be executed on an expired transaction. The timeout for this transaction was 5000 ms, however 5119 ms passed since the start of the transaction. Consider increasing the interactive transaction timeout or doing less work in the transaction.
[2025-07-03 15:56:12] [32minfo[39m: Filter: 
[2025-07-03 16:02:23] [32minfo[39m: Filter: 
[2025-07-03 16:06:34] [32minfo[39m: Filter: 
[2025-07-03 16:07:14] [32minfo[39m: Filter: 
[2025-07-03 16:07:23] [32minfo[39m: Filter: 
[2025-07-03 16:14:33] [32minfo[39m: Filter: 
[2025-07-03 16:24:04] [32minfo[39m: Filter: 
[2025-07-03 16:24:38] [31merror[39m: Update Order Service:  Transaction API error: Transaction already closed: A commit cannot be executed on an expired transaction. The timeout for this transaction was 5000 ms, however 8085 ms passed since the start of the transaction. Consider increasing the interactive transaction timeout or doing less work in the transaction.
[2025-07-03 16:53:58] [32minfo[39m: Filter: 
[2025-07-03 17:47:52] [31merror[39m: Transfer Table Service:  
Invalid `prisma.table.update()` invocation:


Transaction API error: Transaction already closed: A query cannot be executed on an expired transaction. The timeout for this transaction was 5000 ms, however 5132 ms passed since the start of the transaction. Consider increasing the interactive transaction timeout or doing less work in the transaction.
[2025-07-06 11:26:51] [32minfo[39m: Filter: 
[2025-07-06 11:28:12] [33mwarn[39m: No Data Found
[2025-07-06 11:28:13] [33mwarn[39m: No Data Found
[2025-07-06 11:37:33] [32minfo[39m: Filter: 
[2025-07-06 11:43:38] [32minfo[39m: Filter: 
[2025-07-06 11:51:13] [32minfo[39m: Filter: 
[2025-07-06 11:55:24] [32minfo[39m: Filter: 
[2025-07-06 11:55:38] [32minfo[39m: Filter: 
[2025-07-06 11:56:15] [32minfo[39m: Filter: 
[2025-07-06 11:56:39] [32minfo[39m: Filter: 
[2025-07-06 11:57:03] [32minfo[39m: Filter: 
[2025-07-06 11:57:18] [32minfo[39m: Filter: 
[2025-07-06 11:57:37] [32minfo[39m: Filter: 
[2025-07-06 11:58:07] [32minfo[39m: Filter: 
[2025-07-06 11:58:14] [32minfo[39m: Filter: 
[2025-07-06 12:17:53] [32minfo[39m: Filter: 
[2025-07-09 11:18:40] [32minfo[39m: Filter: 
[2025-07-09 11:32:16] [31merror[39m: Transfer Table Service:  
Invalid `prisma.table.update()` invocation:


Transaction API error: Transaction already closed: A query cannot be executed on an expired transaction. The timeout for this transaction was 5000 ms, however 8704 ms passed since the start of the transaction. Consider increasing the interactive transaction timeout or doing less work in the transaction.
[2025-07-09 11:32:39] [32minfo[39m: Filter: 
[2025-07-09 11:54:41] [31merror[39m: Authenticated middleware:  
Invalid `prisma.user.findFirst()` invocation:


Timed out fetching a new connection from the connection pool. More info: http://pris.ly/d/connection-pool (Current connection pool timeout: 10, connection limit: 17)
[2025-07-09 11:57:09] [32minfo[39m: Filter: 
[2025-07-09 12:37:07] [32minfo[39m: Filter: 
[2025-07-09 12:41:55] [32minfo[39m: Filter: 
[2025-07-09 13:09:17] [32minfo[39m: Filter: 
[2025-07-09 13:12:10] [32minfo[39m: Filter: 
[2025-07-09 13:17:56] [32minfo[39m: Filter: 
[2025-07-09 14:03:42] [32minfo[39m: Filter: 
[2025-07-09 16:16:43] [32minfo[39m: Filter: 
[2025-07-13 15:07:25] [31merror[39m: Auth login Service:  
Invalid `prisma.user.findFirst()` invocation:


Can't reach database server at `maglev.proxy.rlwy.net:23382`

Please make sure your database server is running at `maglev.proxy.rlwy.net:23382`.
[2025-07-13 15:07:32] [31merror[39m: Auth login Service:  
Invalid `prisma.user.findFirst()` invocation:


Can't reach database server at `maglev.proxy.rlwy.net:23382`

Please make sure your database server is running at `maglev.proxy.rlwy.net:23382`.
[2025-07-13 15:07:43] [31merror[39m: Auth login Service:  
Invalid `prisma.user.findFirst()` invocation:


Can't reach database server at `maglev.proxy.rlwy.net:23382`

Please make sure your database server is running at `maglev.proxy.rlwy.net:23382`.
[2025-07-14 16:18:05] [31merror[39m: Auth login Service:  
Invalid `prisma.user.findFirst()` invocation:


Can't reach database server at `maglev.proxy.rlwy.net:23382`

Please make sure your database server is running at `maglev.proxy.rlwy.net:23382`.
[2025-07-14 16:18:09] [31merror[39m: Auth login Service:  
Invalid `prisma.user.findFirst()` invocation:


Can't reach database server at `maglev.proxy.rlwy.net:23382`

Please make sure your database server is running at `maglev.proxy.rlwy.net:23382`.
[2025-07-16 18:45:02] [32minfo[39m: Filter: 
[2025-07-16 18:45:07] [33mwarn[39m: No Data Found
[2025-07-16 18:45:07] [33mwarn[39m: No Data Found
[2025-07-16 18:45:08] [33mwarn[39m: No Data Found
[2025-07-16 18:45:14] [33mwarn[39m: No Data Found
[2025-07-16 18:45:14] [33mwarn[39m: No Data Found
[2025-07-16 18:45:15] [33mwarn[39m: No Data Found
[2025-07-16 18:57:13] [33mwarn[39m: User is not active.
[2025-07-16 18:57:13] [33mwarn[39m: User is not active.
[2025-07-16 18:57:20] [33mwarn[39m: User is not active.
[2025-07-16 18:57:24] [33mwarn[39m: User is not active.
[2025-07-16 18:57:24] [33mwarn[39m: User is not active.
[2025-07-16 18:57:24] [33mwarn[39m: User is not active.
[2025-07-16 19:32:21] [31merror[39m: Validation failed: [
  {
    "code": "invalid_date",
    "path": [
      "permissions",
      0,
      "createdAt"
    ],
    "message": "Invalid date"
  },
  {
    "code": "invalid_date",
    "path": [
      "permissions",
      0,
      "updatedAt"
    ],
    "message": "Invalid date"
  },
  {
    "code": "invalid_date",
    "path": [
      "permissions",
      1,
      "createdAt"
    ],
    "message": "Invalid date"
  },
  {
    "code": "invalid_date",
    "path": [
      "permissions",
      1,
      "updatedAt"
    ],
    "message": "Invalid date"
  },
  {
    "code": "invalid_date",
    "path": [
      "permissions",
      2,
      "createdAt"
    ],
    "message": "Invalid date"
  },
  {
    "code": "invalid_date",
    "path": [
      "permissions",
      2,
      "updatedAt"
    ],
    "message": "Invalid date"
  },
  {
    "code": "invalid_date",
    "path": [
      "permissions",
      3,
      "createdAt"
    ],
    "message": "Invalid date"
  },
  {
    "code": "invalid_date",
    "path": [
      "permissions",
      3,
      "updatedAt"
    ],
    "message": "Invalid date"
  },
  {
    "code": "invalid_date",
    "path": [
      "permissions",
      4,
      "createdAt"
    ],
    "message": "Invalid date"
  },
  {
    "code": "invalid_date",
    "path": [
      "permissions",
      4,
      "updatedAt"
    ],
    "message": "Invalid date"
  },
  {
    "code": "invalid_date",
    "path": [
      "permissions",
      5,
      "createdAt"
    ],
    "message": "Invalid date"
  },
  {
    "code": "invalid_date",
    "path": [
      "permissions",
      5,
      "updatedAt"
    ],
    "message": "Invalid date"
  },
  {
    "code": "invalid_date",
    "path": [
      "permissions",
      6,
      "createdAt"
    ],
    "message": "Invalid date"
  },
  {
    "code": "invalid_date",
    "path": [
      "permissions",
      6,
      "updatedAt"
    ],
    "message": "Invalid date"
  }
]
[2025-07-16 19:32:21] [33mwarn[39m: Missing Info:  [
  {
    "code": "invalid_date",
    "path": [
      "permissions",
      0,
      "createdAt"
    ],
    "message": "Invalid date"
  },
  {
    "code": "invalid_date",
    "path": [
      "permissions",
      0,
      "updatedAt"
    ],
    "message": "Invalid date"
  },
  {
    "code": "invalid_date",
    "path": [
      "permissions",
      1,
      "createdAt"
    ],
    "message": "Invalid date"
  },
  {
    "code": "invalid_date",
    "path": [
      "permissions",
      1,
      "updatedAt"
    ],
    "message": "Invalid date"
  },
  {
    "code": "invalid_date",
    "path": [
      "permissions",
      2,
      "createdAt"
    ],
    "message": "Invalid date"
  },
  {
    "code": "invalid_date",
    "path": [
      "permissions",
      2,
      "updatedAt"
    ],
    "message": "Invalid date"
  },
  {
    "code": "invalid_date",
    "path": [
      "permissions",
      3,
      "createdAt"
    ],
    "message": "Invalid date"
  },
  {
    "code": "invalid_date",
    "path": [
      "permissions",
      3,
      "updatedAt"
    ],
    "message": "Invalid date"
  },
  {
    "code": "invalid_date",
    "path": [
      "permissions",
      4,
      "createdAt"
    ],
    "message": "Invalid date"
  },
  {
    "code": "invalid_date",
    "path": [
      "permissions",
      4,
      "updatedAt"
    ],
    "message": "Invalid date"
  },
  {
    "code": "invalid_date",
    "path": [
      "permissions",
      5,
      "createdAt"
    ],
    "message": "Invalid date"
  },
  {
    "code": "invalid_date",
    "path": [
      "permissions",
      5,
      "updatedAt"
    ],
    "message": "Invalid date"
  },
  {
    "code": "invalid_date",
    "path": [
      "permissions",
      6,
      "createdAt"
    ],
    "message": "Invalid date"
  },
  {
    "code": "invalid_date",
    "path": [
      "permissions",
      6,
      "updatedAt"
    ],
    "message": "Invalid date"
  }
]
[2025-07-16 19:32:28] [31merror[39m: Validation failed: [
  {
    "code": "invalid_date",
    "path": [
      "permissions",
      0,
      "createdAt"
    ],
    "message": "Invalid date"
  },
  {
    "code": "invalid_date",
    "path": [
      "permissions",
      0,
      "updatedAt"
    ],
    "message": "Invalid date"
  },
  {
    "code": "invalid_date",
    "path": [
      "permissions",
      1,
      "createdAt"
    ],
    "message": "Invalid date"
  },
  {
    "code": "invalid_date",
    "path": [
      "permissions",
      1,
      "updatedAt"
    ],
    "message": "Invalid date"
  },
  {
    "code": "invalid_date",
    "path": [
      "permissions",
      2,
      "createdAt"
    ],
    "message": "Invalid date"
  },
  {
    "code": "invalid_date",
    "path": [
      "permissions",
      2,
      "updatedAt"
    ],
    "message": "Invalid date"
  },
  {
    "code": "invalid_date",
    "path": [
      "permissions",
      3,
      "createdAt"
    ],
    "message": "Invalid date"
  },
  {
    "code": "invalid_date",
    "path": [
      "permissions",
      3,
      "updatedAt"
    ],
    "message": "Invalid date"
  },
  {
    "code": "invalid_date",
    "path": [
      "permissions",
      4,
      "createdAt"
    ],
    "message": "Invalid date"
  },
  {
    "code": "invalid_date",
    "path": [
      "permissions",
      4,
      "updatedAt"
    ],
    "message": "Invalid date"
  },
  {
    "code": "invalid_date",
    "path": [
      "permissions",
      5,
      "createdAt"
    ],
    "message": "Invalid date"
  },
  {
    "code": "invalid_date",
    "path": [
      "permissions",
      5,
      "updatedAt"
    ],
    "message": "Invalid date"
  },
  {
    "code": "invalid_date",
    "path": [
      "permissions",
      6,
      "createdAt"
    ],
    "message": "Invalid date"
  },
  {
    "code": "invalid_date",
    "path": [
      "permissions",
      6,
      "updatedAt"
    ],
    "message": "Invalid date"
  }
]
[2025-07-16 19:32:28] [33mwarn[39m: Missing Info:  [
  {
    "code": "invalid_date",
    "path": [
      "permissions",
      0,
      "createdAt"
    ],
    "message": "Invalid date"
  },
  {
    "code": "invalid_date",
    "path": [
      "permissions",
      0,
      "updatedAt"
    ],
    "message": "Invalid date"
  },
  {
    "code": "invalid_date",
    "path": [
      "permissions",
      1,
      "createdAt"
    ],
    "message": "Invalid date"
  },
  {
    "code": "invalid_date",
    "path": [
      "permissions",
      1,
      "updatedAt"
    ],
    "message": "Invalid date"
  },
  {
    "code": "invalid_date",
    "path": [
      "permissions",
      2,
      "createdAt"
    ],
    "message": "Invalid date"
  },
  {
    "code": "invalid_date",
    "path": [
      "permissions",
      2,
      "updatedAt"
    ],
    "message": "Invalid date"
  },
  {
    "code": "invalid_date",
    "path": [
      "permissions",
      3,
      "createdAt"
    ],
    "message": "Invalid date"
  },
  {
    "code": "invalid_date",
    "path": [
      "permissions",
      3,
      "updatedAt"
    ],
    "message": "Invalid date"
  },
  {
    "code": "invalid_date",
    "path": [
      "permissions",
      4,
      "createdAt"
    ],
    "message": "Invalid date"
  },
  {
    "code": "invalid_date",
    "path": [
      "permissions",
      4,
      "updatedAt"
    ],
    "message": "Invalid date"
  },
  {
    "code": "invalid_date",
    "path": [
      "permissions",
      5,
      "createdAt"
    ],
    "message": "Invalid date"
  },
  {
    "code": "invalid_date",
    "path": [
      "permissions",
      5,
      "updatedAt"
    ],
    "message": "Invalid date"
  },
  {
    "code": "invalid_date",
    "path": [
      "permissions",
      6,
      "createdAt"
    ],
    "message": "Invalid date"
  },
  {
    "code": "invalid_date",
    "path": [
      "permissions",
      6,
      "updatedAt"
    ],
    "message": "Invalid date"
  }
]
[2025-07-16 19:40:35] [31merror[39m: Validation failed: [
  {
    "code": "invalid_date",
    "path": [
      "permissions",
      0,
      "createdAt"
    ],
    "message": "Invalid date"
  },
  {
    "code": "invalid_date",
    "path": [
      "permissions",
      0,
      "updatedAt"
    ],
    "message": "Invalid date"
  },
  {
    "code": "invalid_date",
    "path": [
      "permissions",
      1,
      "createdAt"
    ],
    "message": "Invalid date"
  },
  {
    "code": "invalid_date",
    "path": [
      "permissions",
      1,
      "updatedAt"
    ],
    "message": "Invalid date"
  },
  {
    "code": "invalid_date",
    "path": [
      "permissions",
      2,
      "createdAt"
    ],
    "message": "Invalid date"
  },
  {
    "code": "invalid_date",
    "path": [
      "permissions",
      2,
      "updatedAt"
    ],
    "message": "Invalid date"
  },
  {
    "code": "invalid_date",
    "path": [
      "permissions",
      3,
      "createdAt"
    ],
    "message": "Invalid date"
  },
  {
    "code": "invalid_date",
    "path": [
      "permissions",
      3,
      "updatedAt"
    ],
    "message": "Invalid date"
  },
  {
    "code": "invalid_date",
    "path": [
      "permissions",
      4,
      "createdAt"
    ],
    "message": "Invalid date"
  },
  {
    "code": "invalid_date",
    "path": [
      "permissions",
      4,
      "updatedAt"
    ],
    "message": "Invalid date"
  },
  {
    "code": "invalid_date",
    "path": [
      "permissions",
      5,
      "createdAt"
    ],
    "message": "Invalid date"
  },
  {
    "code": "invalid_date",
    "path": [
      "permissions",
      5,
      "updatedAt"
    ],
    "message": "Invalid date"
  },
  {
    "code": "invalid_date",
    "path": [
      "permissions",
      6,
      "createdAt"
    ],
    "message": "Invalid date"
  },
  {
    "code": "invalid_date",
    "path": [
      "permissions",
      6,
      "updatedAt"
    ],
    "message": "Invalid date"
  }
]
[2025-07-16 19:40:35] [33mwarn[39m: Missing Info:  [
  {
    "code": "invalid_date",
    "path": [
      "permissions",
      0,
      "createdAt"
    ],
    "message": "Invalid date"
  },
  {
    "code": "invalid_date",
    "path": [
      "permissions",
      0,
      "updatedAt"
    ],
    "message": "Invalid date"
  },
  {
    "code": "invalid_date",
    "path": [
      "permissions",
      1,
      "createdAt"
    ],
    "message": "Invalid date"
  },
  {
    "code": "invalid_date",
    "path": [
      "permissions",
      1,
      "updatedAt"
    ],
    "message": "Invalid date"
  },
  {
    "code": "invalid_date",
    "path": [
      "permissions",
      2,
      "createdAt"
    ],
    "message": "Invalid date"
  },
  {
    "code": "invalid_date",
    "path": [
      "permissions",
      2,
      "updatedAt"
    ],
    "message": "Invalid date"
  },
  {
    "code": "invalid_date",
    "path": [
      "permissions",
      3,
      "createdAt"
    ],
    "message": "Invalid date"
  },
  {
    "code": "invalid_date",
    "path": [
      "permissions",
      3,
      "updatedAt"
    ],
    "message": "Invalid date"
  },
  {
    "code": "invalid_date",
    "path": [
      "permissions",
      4,
      "createdAt"
    ],
    "message": "Invalid date"
  },
  {
    "code": "invalid_date",
    "path": [
      "permissions",
      4,
      "updatedAt"
    ],
    "message": "Invalid date"
  },
  {
    "code": "invalid_date",
    "path": [
      "permissions",
      5,
      "createdAt"
    ],
    "message": "Invalid date"
  },
  {
    "code": "invalid_date",
    "path": [
      "permissions",
      5,
      "updatedAt"
    ],
    "message": "Invalid date"
  },
  {
    "code": "invalid_date",
    "path": [
      "permissions",
      6,
      "createdAt"
    ],
    "message": "Invalid date"
  },
  {
    "code": "invalid_date",
    "path": [
      "permissions",
      6,
      "updatedAt"
    ],
    "message": "Invalid date"
  }
]
[2025-07-16 19:41:31] [31merror[39m: Validation failed: [
  {
    "code": "invalid_type",
    "expected": "date",
    "received": "string",
    "path": [
      "permissions",
      0,
      "createdAt"
    ],
    "message": "Expected date, received string"
  },
  {
    "code": "invalid_type",
    "expected": "date",
    "received": "string",
    "path": [
      "permissions",
      0,
      "updatedAt"
    ],
    "message": "Expected date, received string"
  },
  {
    "code": "invalid_type",
    "expected": "date",
    "received": "string",
    "path": [
      "permissions",
      1,
      "createdAt"
    ],
    "message": "Expected date, received string"
  },
  {
    "code": "invalid_type",
    "expected": "date",
    "received": "string",
    "path": [
      "permissions",
      1,
      "updatedAt"
    ],
    "message": "Expected date, received string"
  },
  {
    "code": "invalid_type",
    "expected": "date",
    "received": "string",
    "path": [
      "permissions",
      2,
      "createdAt"
    ],
    "message": "Expected date, received string"
  },
  {
    "code": "invalid_type",
    "expected": "date",
    "received": "string",
    "path": [
      "permissions",
      2,
      "updatedAt"
    ],
    "message": "Expected date, received string"
  },
  {
    "code": "invalid_type",
    "expected": "date",
    "received": "string",
    "path": [
      "permissions",
      3,
      "createdAt"
    ],
    "message": "Expected date, received string"
  },
  {
    "code": "invalid_type",
    "expected": "date",
    "received": "string",
    "path": [
      "permissions",
      3,
      "updatedAt"
    ],
    "message": "Expected date, received string"
  },
  {
    "code": "invalid_type",
    "expected": "date",
    "received": "string",
    "path": [
      "permissions",
      4,
      "createdAt"
    ],
    "message": "Expected date, received string"
  },
  {
    "code": "invalid_type",
    "expected": "date",
    "received": "string",
    "path": [
      "permissions",
      4,
      "updatedAt"
    ],
    "message": "Expected date, received string"
  },
  {
    "code": "invalid_type",
    "expected": "date",
    "received": "string",
    "path": [
      "permissions",
      5,
      "createdAt"
    ],
    "message": "Expected date, received string"
  },
  {
    "code": "invalid_type",
    "expected": "date",
    "received": "string",
    "path": [
      "permissions",
      5,
      "updatedAt"
    ],
    "message": "Expected date, received string"
  },
  {
    "code": "invalid_type",
    "expected": "date",
    "received": "string",
    "path": [
      "permissions",
      6,
      "createdAt"
    ],
    "message": "Expected date, received string"
  },
  {
    "code": "invalid_type",
    "expected": "date",
    "received": "string",
    "path": [
      "permissions",
      6,
      "updatedAt"
    ],
    "message": "Expected date, received string"
  }
]
[2025-07-16 19:41:31] [33mwarn[39m: Missing Info:  [
  {
    "code": "invalid_type",
    "expected": "date",
    "received": "string",
    "path": [
      "permissions",
      0,
      "createdAt"
    ],
    "message": "Expected date, received string"
  },
  {
    "code": "invalid_type",
    "expected": "date",
    "received": "string",
    "path": [
      "permissions",
      0,
      "updatedAt"
    ],
    "message": "Expected date, received string"
  },
  {
    "code": "invalid_type",
    "expected": "date",
    "received": "string",
    "path": [
      "permissions",
      1,
      "createdAt"
    ],
    "message": "Expected date, received string"
  },
  {
    "code": "invalid_type",
    "expected": "date",
    "received": "string",
    "path": [
      "permissions",
      1,
      "updatedAt"
    ],
    "message": "Expected date, received string"
  },
  {
    "code": "invalid_type",
    "expected": "date",
    "received": "string",
    "path": [
      "permissions",
      2,
      "createdAt"
    ],
    "message": "Expected date, received string"
  },
  {
    "code": "invalid_type",
    "expected": "date",
    "received": "string",
    "path": [
      "permissions",
      2,
      "updatedAt"
    ],
    "message": "Expected date, received string"
  },
  {
    "code": "invalid_type",
    "expected": "date",
    "received": "string",
    "path": [
      "permissions",
      3,
      "createdAt"
    ],
    "message": "Expected date, received string"
  },
  {
    "code": "invalid_type",
    "expected": "date",
    "received": "string",
    "path": [
      "permissions",
      3,
      "updatedAt"
    ],
    "message": "Expected date, received string"
  },
  {
    "code": "invalid_type",
    "expected": "date",
    "received": "string",
    "path": [
      "permissions",
      4,
      "createdAt"
    ],
    "message": "Expected date, received string"
  },
  {
    "code": "invalid_type",
    "expected": "date",
    "received": "string",
    "path": [
      "permissions",
      4,
      "updatedAt"
    ],
    "message": "Expected date, received string"
  },
  {
    "code": "invalid_type",
    "expected": "date",
    "received": "string",
    "path": [
      "permissions",
      5,
      "createdAt"
    ],
    "message": "Expected date, received string"
  },
  {
    "code": "invalid_type",
    "expected": "date",
    "received": "string",
    "path": [
      "permissions",
      5,
      "updatedAt"
    ],
    "message": "Expected date, received string"
  },
  {
    "code": "invalid_type",
    "expected": "date",
    "received": "string",
    "path": [
      "permissions",
      6,
      "createdAt"
    ],
    "message": "Expected date, received string"
  },
  {
    "code": "invalid_type",
    "expected": "date",
    "received": "string",
    "path": [
      "permissions",
      6,
      "updatedAt"
    ],
    "message": "Expected date, received string"
  }
]
[2025-07-16 19:41:44] [31merror[39m: Validation failed: [
  {
    "code": "invalid_type",
    "expected": "date",
    "received": "string",
    "path": [
      "permissions",
      0,
      "createdAt"
    ],
    "message": "Expected date, received string"
  },
  {
    "code": "invalid_type",
    "expected": "date",
    "received": "string",
    "path": [
      "permissions",
      0,
      "updatedAt"
    ],
    "message": "Expected date, received string"
  },
  {
    "code": "invalid_type",
    "expected": "date",
    "received": "string",
    "path": [
      "permissions",
      1,
      "createdAt"
    ],
    "message": "Expected date, received string"
  },
  {
    "code": "invalid_type",
    "expected": "date",
    "received": "string",
    "path": [
      "permissions",
      1,
      "updatedAt"
    ],
    "message": "Expected date, received string"
  },
  {
    "code": "invalid_type",
    "expected": "date",
    "received": "string",
    "path": [
      "permissions",
      2,
      "createdAt"
    ],
    "message": "Expected date, received string"
  },
  {
    "code": "invalid_type",
    "expected": "date",
    "received": "string",
    "path": [
      "permissions",
      2,
      "updatedAt"
    ],
    "message": "Expected date, received string"
  },
  {
    "code": "invalid_type",
    "expected": "date",
    "received": "string",
    "path": [
      "permissions",
      3,
      "createdAt"
    ],
    "message": "Expected date, received string"
  },
  {
    "code": "invalid_type",
    "expected": "date",
    "received": "string",
    "path": [
      "permissions",
      3,
      "updatedAt"
    ],
    "message": "Expected date, received string"
  },
  {
    "code": "invalid_type",
    "expected": "date",
    "received": "string",
    "path": [
      "permissions",
      4,
      "createdAt"
    ],
    "message": "Expected date, received string"
  },
  {
    "code": "invalid_type",
    "expected": "date",
    "received": "string",
    "path": [
      "permissions",
      4,
      "updatedAt"
    ],
    "message": "Expected date, received string"
  },
  {
    "code": "invalid_type",
    "expected": "date",
    "received": "string",
    "path": [
      "permissions",
      5,
      "createdAt"
    ],
    "message": "Expected date, received string"
  },
  {
    "code": "invalid_type",
    "expected": "date",
    "received": "string",
    "path": [
      "permissions",
      5,
      "updatedAt"
    ],
    "message": "Expected date, received string"
  },
  {
    "code": "invalid_type",
    "expected": "date",
    "received": "string",
    "path": [
      "permissions",
      6,
      "createdAt"
    ],
    "message": "Expected date, received string"
  },
  {
    "code": "invalid_type",
    "expected": "date",
    "received": "string",
    "path": [
      "permissions",
      6,
      "updatedAt"
    ],
    "message": "Expected date, received string"
  }
]
[2025-07-16 19:41:44] [33mwarn[39m: Missing Info:  [
  {
    "code": "invalid_type",
    "expected": "date",
    "received": "string",
    "path": [
      "permissions",
      0,
      "createdAt"
    ],
    "message": "Expected date, received string"
  },
  {
    "code": "invalid_type",
    "expected": "date",
    "received": "string",
    "path": [
      "permissions",
      0,
      "updatedAt"
    ],
    "message": "Expected date, received string"
  },
  {
    "code": "invalid_type",
    "expected": "date",
    "received": "string",
    "path": [
      "permissions",
      1,
      "createdAt"
    ],
    "message": "Expected date, received string"
  },
  {
    "code": "invalid_type",
    "expected": "date",
    "received": "string",
    "path": [
      "permissions",
      1,
      "updatedAt"
    ],
    "message": "Expected date, received string"
  },
  {
    "code": "invalid_type",
    "expected": "date",
    "received": "string",
    "path": [
      "permissions",
      2,
      "createdAt"
    ],
    "message": "Expected date, received string"
  },
  {
    "code": "invalid_type",
    "expected": "date",
    "received": "string",
    "path": [
      "permissions",
      2,
      "updatedAt"
    ],
    "message": "Expected date, received string"
  },
  {
    "code": "invalid_type",
    "expected": "date",
    "received": "string",
    "path": [
      "permissions",
      3,
      "createdAt"
    ],
    "message": "Expected date, received string"
  },
  {
    "code": "invalid_type",
    "expected": "date",
    "received": "string",
    "path": [
      "permissions",
      3,
      "updatedAt"
    ],
    "message": "Expected date, received string"
  },
  {
    "code": "invalid_type",
    "expected": "date",
    "received": "string",
    "path": [
      "permissions",
      4,
      "createdAt"
    ],
    "message": "Expected date, received string"
  },
  {
    "code": "invalid_type",
    "expected": "date",
    "received": "string",
    "path": [
      "permissions",
      4,
      "updatedAt"
    ],
    "message": "Expected date, received string"
  },
  {
    "code": "invalid_type",
    "expected": "date",
    "received": "string",
    "path": [
      "permissions",
      5,
      "createdAt"
    ],
    "message": "Expected date, received string"
  },
  {
    "code": "invalid_type",
    "expected": "date",
    "received": "string",
    "path": [
      "permissions",
      5,
      "updatedAt"
    ],
    "message": "Expected date, received string"
  },
  {
    "code": "invalid_type",
    "expected": "date",
    "received": "string",
    "path": [
      "permissions",
      6,
      "createdAt"
    ],
    "message": "Expected date, received string"
  },
  {
    "code": "invalid_type",
    "expected": "date",
    "received": "string",
    "path": [
      "permissions",
      6,
      "updatedAt"
    ],
    "message": "Expected date, received string"
  }
]
[2025-07-16 19:48:52] [32minfo[39m: Filter: 
[2025-07-16 19:52:26] [32minfo[39m: Filter: 
[2025-07-16 19:52:46] [32minfo[39m: Filter: 
[2025-07-16 20:00:21] [32minfo[39m: Filter: 
[2025-07-16 20:00:33] [32minfo[39m: Filter: 
[2025-07-16 20:00:58] [32minfo[39m: Filter: 
[2025-07-16 23:19:35] [32minfo[39m: undefined
[2025-07-16 23:34:08] [32minfo[39m: Filter: 
[2025-07-16 23:45:45] [32minfo[39m: Filter: 
[2025-07-16 23:47:57] [32minfo[39m: Filter: 
[2025-07-16 23:48:00] [33mwarn[39m: No Data Found
[2025-07-16 23:48:00] [33mwarn[39m: No Data Found
[2025-07-16 23:48:01] [33mwarn[39m: No Data Found
[2025-07-16 23:48:48] [33mwarn[39m: No Data Found
[2025-07-17 00:10:35] [32minfo[39m: Filter: 
[2025-07-17 00:14:23] [33mwarn[39m: No Data Found
[2025-07-17 00:14:24] [33mwarn[39m: No Data Found
[2025-07-17 13:17:52] [32minfo[39m: Filter: 
[2025-07-17 13:23:04] [32minfo[39m: Filter: 
[2025-07-17 13:47:21] [33mwarn[39m: Credentials Don't Match
[2025-07-17 13:48:11] [32minfo[39m: Filter: 
[2025-07-17 13:59:13] [32minfo[39m: Filter: 
[2025-07-17 14:01:18] [32minfo[39m: Filter: 
[2025-07-17 14:03:48] [32minfo[39m: Filter: 
[2025-07-17 14:25:04] [32minfo[39m: Filter: 
[2025-07-17 14:26:40] [32minfo[39m: Filter: 
[2025-07-17 14:27:11] [32minfo[39m: undefined
[2025-07-17 14:27:55] [32minfo[39m: Filter: 
[2025-07-17 14:28:32] [33mwarn[39m: No Data Found
[2025-07-17 14:28:32] [33mwarn[39m: No Data Found
[2025-07-17 14:28:33] [33mwarn[39m: No Data Found
[2025-07-17 14:28:38] [33mwarn[39m: No Data Found
[2025-07-17 14:28:38] [33mwarn[39m: No Data Found
[2025-07-17 14:28:39] [33mwarn[39m: No Data Found
[2025-07-17 14:40:09] [32minfo[39m: Filter: 
[2025-07-17 14:40:17] [33mwarn[39m: No Data Found
[2025-07-17 14:40:17] [33mwarn[39m: No Data Found
[2025-07-17 14:40:18] [33mwarn[39m: No Data Found
[2025-07-17 15:14:35] [32minfo[39m: Filter: 
[2025-07-17 15:23:15] [32minfo[39m: Filter: 
[2025-07-17 15:27:05] [32minfo[39m: Filter: 
[2025-07-17 15:31:25] [32minfo[39m: Filter: 
[2025-07-17 16:52:46] [32minfo[39m: Filter: 
[2025-07-17 16:52:46] [33mwarn[39m: No Data Found
[2025-07-17 16:52:47] [33mwarn[39m: No Data Found
[2025-07-17 16:52:59] [33mwarn[39m: NOT FOUND
[2025-07-17 16:53:02] [33mwarn[39m: NOT FOUND
[2025-07-17 16:54:44] [32minfo[39m: Filter: 
[2025-07-17 16:57:09] [32minfo[39m: Filter: 
[2025-07-17 17:03:46] [32minfo[39m: Filter: 
[2025-07-17 17:29:53] [32minfo[39m: Filter: 
[2025-07-17 17:33:59] [32minfo[39m: Filter: 
[2025-07-17 17:45:27] [32minfo[39m: Filter: 
[2025-07-17 17:45:46] [32minfo[39m: Filter: 
[2025-07-17 17:46:48] [32minfo[39m: Filter: 
[2025-07-17 17:53:54] [32minfo[39m: Filter: 
[2025-07-17 17:54:14] [32minfo[39m: Filter: 
[2025-07-17 17:57:13] [32minfo[39m: Filter: 
[2025-07-17 17:57:27] [32minfo[39m: Filter: 
[2025-07-17 17:57:29] [32minfo[39m: Filter: 
[2025-07-17 17:57:43] [32minfo[39m: Filter: 
[2025-07-17 17:59:51] [32minfo[39m: Filter: 
[2025-07-17 17:59:57] [32minfo[39m: Filter: 
[2025-07-17 18:00:03] [32minfo[39m: Filter: 
[2025-07-17 18:00:04] [32minfo[39m: Filter: 
[2025-07-19 12:35:14] [32minfo[39m: Filter: 
[2025-07-19 12:46:57] [32minfo[39m: Filter: 
[2025-07-19 12:49:19] [33mwarn[39m: User is not active.
[2025-07-19 12:49:19] [33mwarn[39m: User is not active.
[2025-07-19 12:49:19] [33mwarn[39m: User is not active.
[2025-07-19 12:49:36] [33mwarn[39m: User is not active.
[2025-07-19 12:49:36] [33mwarn[39m: User is not active.
[2025-07-19 12:49:36] [33mwarn[39m: User is not active.
[2025-07-19 12:56:54] [33mwarn[39m: User is not active.
[2025-07-19 12:56:54] [33mwarn[39m: User is not active.
[2025-07-19 12:56:54] [33mwarn[39m: User is not active.
[2025-07-19 13:01:23] [33mwarn[39m: User is not active.
[2025-07-19 13:01:23] [33mwarn[39m: User is not active.
[2025-07-19 13:01:23] [33mwarn[39m: User is not active.
[2025-07-19 13:15:22] [33mwarn[39m: User is not active.
[2025-07-19 13:15:22] [33mwarn[39m: User is not active.
[2025-07-19 13:15:22] [33mwarn[39m: User is not active.
[2025-07-19 13:16:47] [33mwarn[39m: User is not active.
[2025-07-19 13:16:49] [33mwarn[39m: User is not active.
[2025-07-19 13:16:58] [32minfo[39m: Filter: 
[2025-07-19 13:17:16] [33mwarn[39m: User is not active.
[2025-07-19 13:17:16] [32minfo[39m: Filter: 
[2025-07-19 13:17:26] [33mwarn[39m: No Data Found
[2025-07-19 13:17:27] [33mwarn[39m: No Data Found
[2025-07-19 13:17:54] [33mwarn[39m: No Data Found
[2025-07-19 13:17:55] [33mwarn[39m: No Data Found
[2025-07-19 13:22:16] [33mwarn[39m: User is not active.
[2025-07-19 13:22:16] [33mwarn[39m: User is not active.
[2025-07-19 13:23:57] [33mwarn[39m: User is not active.
[2025-07-19 13:23:57] [33mwarn[39m: User is not active.
[2025-07-19 13:23:57] [33mwarn[39m: User is not active.
[2025-07-19 13:24:03] [33mwarn[39m: User is not active.
[2025-07-19 13:24:03] [33mwarn[39m: User is not active.
[2025-07-19 13:24:03] [33mwarn[39m: User is not active.
[2025-07-19 13:26:01] [33mwarn[39m: User is not active.
[2025-07-19 13:26:01] [33mwarn[39m: User is not active.
[2025-07-19 13:26:01] [33mwarn[39m: User is not active.
[2025-07-19 13:26:25] [32minfo[39m: Filter: 
[2025-07-19 13:26:37] [33mwarn[39m: No Data Found
[2025-07-19 13:26:38] [33mwarn[39m: No Data Found
[2025-07-19 13:26:59] [33mwarn[39m: NOT FOUND
[2025-07-19 13:27:00] [33mwarn[39m: NOT FOUND
[2025-07-19 13:28:46] [32minfo[39m: Filter: 
[2025-07-19 13:29:24] [33mwarn[39m: User is not active.
[2025-07-19 13:29:34] [33mwarn[39m: User is not active.
[2025-07-19 13:29:34] [33mwarn[39m: User is not active.
[2025-07-19 13:29:41] [33mwarn[39m: User is not active.
[2025-07-19 13:29:45] [33mwarn[39m: User is not active.
[2025-07-19 13:29:45] [33mwarn[39m: User is not active.
[2025-07-19 13:30:05] [33mwarn[39m: User is not active.
[2025-07-19 13:30:05] [33mwarn[39m: User is not active.
[2025-07-19 13:30:05] [33mwarn[39m: User is not active.
[2025-07-19 13:30:06] [33mwarn[39m: User is not active.
[2025-07-19 13:30:06] [33mwarn[39m: User is not active.
[2025-07-19 13:30:06] [33mwarn[39m: User is not active.
[2025-07-19 13:30:12] [33mwarn[39m: User is not active.
[2025-07-19 13:30:12] [33mwarn[39m: User is not active.
[2025-07-19 13:30:12] [33mwarn[39m: User is not active.
[2025-07-19 13:30:22] [33mwarn[39m: User is not active.
[2025-07-19 13:30:22] [33mwarn[39m: User is not active.
[2025-07-19 13:30:22] [33mwarn[39m: User is not active.
[2025-07-19 13:30:54] [33mwarn[39m: User is not active.
[2025-07-19 13:30:54] [33mwarn[39m: User is not active.
[2025-07-19 13:30:54] [33mwarn[39m: User is not active.
[2025-07-19 13:31:04] [33mwarn[39m: User is not active.
[2025-07-19 13:31:08] [33mwarn[39m: User is not active.
[2025-07-19 13:31:08] [33mwarn[39m: User is not active.
[2025-07-19 13:32:25] [33mwarn[39m: User is not active.
[2025-07-19 13:32:25] [33mwarn[39m: User is not active.
[2025-07-19 13:32:25] [33mwarn[39m: User is not active.
[2025-07-19 13:33:11] [33mwarn[39m: User is not active.
[2025-07-19 13:33:11] [33mwarn[39m: User is not active.
[2025-07-19 13:33:11] [33mwarn[39m: User is not active.
[2025-07-19 14:15:32] [32minfo[39m: Filter: 
[2025-07-19 14:23:09] [32minfo[39m: Filter: 
[2025-07-19 14:24:02] [32minfo[39m: Filter: 
[2025-07-19 14:29:22] [32minfo[39m: Filter: 
[2025-07-19 14:30:05] [33mwarn[39m: No Data Found
[2025-07-19 14:30:06] [33mwarn[39m: No Data Found
[2025-07-19 14:31:37] [32minfo[39m: Filter: 
[2025-07-19 14:33:40] [33mwarn[39m: NOT FOUND
[2025-07-19 14:33:41] [33mwarn[39m: NOT FOUND
[2025-07-19 14:33:42] [33mwarn[39m: NOT FOUND
[2025-07-19 14:33:44] [33mwarn[39m: NOT FOUND
[2025-07-19 14:33:45] [33mwarn[39m: NOT FOUND
[2025-07-19 14:33:45] [33mwarn[39m: NOT FOUND
[2025-07-19 14:55:53] [32minfo[39m: Filter: 
[2025-07-19 15:11:14] [32minfo[39m: Filter: 
[2025-07-19 15:34:36] [32minfo[39m: Filter: 
[2025-07-19 15:41:42] [32minfo[39m: Filter: 
[2025-07-19 15:47:31] [32minfo[39m: Filter: 
[2025-07-19 15:59:13] [32minfo[39m: Filter: 
[2025-07-19 16:26:05] [32minfo[39m: Filter: 
[2025-07-19 16:26:18] [33mwarn[39m: No Data Found
[2025-07-19 16:26:19] [33mwarn[39m: No Data Found
[2025-07-19 16:46:21] [32minfo[39m: Filter: 
[2025-07-20 12:11:02] [32minfo[39m: Filter: 
[2025-07-20 12:18:50] [32minfo[39m: Filter: 
[2025-07-20 12:25:28] [32minfo[39m: Filter: 
[2025-07-20 12:29:41] [32minfo[39m: Filter: 
[2025-07-20 12:39:55] [32minfo[39m: Filter: 
[2025-07-20 12:49:13] [32minfo[39m: Filter: 
[2025-07-20 12:57:39] [32minfo[39m: Filter: 
[2025-07-20 13:06:46] [32minfo[39m: Filter: 
[2025-07-20 13:36:19] [32minfo[39m: Filter: 
[2025-07-20 14:31:25] [32minfo[39m: undefined
[2025-07-20 14:37:08] [32minfo[39m: undefined
[2025-07-20 14:38:21] [32minfo[39m: Filter: 
[2025-07-20 14:38:21] [33mwarn[39m: No Data Found
[2025-07-20 14:38:22] [33mwarn[39m: No Data Found
[2025-07-20 15:18:17] [32minfo[39m: Filter: 
[2025-07-20 15:19:20] [33mwarn[39m: NOT FOUND
[2025-07-20 15:20:47] [33mwarn[39m: NOT FOUND
[2025-07-20 16:50:52] [32minfo[39m: undefined
[2025-07-20 16:51:47] [32minfo[39m: Filter: 
[2025-07-20 16:52:43] [32minfo[39m: Filter: 
[2025-07-20 16:57:22] [32minfo[39m: Filter: 
[2025-07-20 16:57:27] [33mwarn[39m: NOT FOUND
[2025-07-20 17:04:12] [32minfo[39m: Filter: 
[2025-07-20 17:36:22] [32minfo[39m: Filter: 
[2025-07-20 17:41:07] [32minfo[39m: Filter: 
[2025-07-20 17:47:50] [32minfo[39m: Filter: 
[2025-07-20 17:53:11] [32minfo[39m: Filter: 
[2025-07-20 18:06:05] [32minfo[39m: Filter: 
[2025-07-20 18:17:21] [32minfo[39m: Filter: 
[2025-07-20 18:17:29] [32minfo[39m: Filter: 
[2025-07-20 18:17:39] [32minfo[39m: Filter: 
[2025-07-20 18:17:51] [32minfo[39m: Filter: 
[2025-07-20 18:18:27] [32minfo[39m: Filter: 
[2025-07-20 18:18:27] [32minfo[39m: Filter: 
[2025-07-20 18:18:29] [32minfo[39m: Filter: 
[2025-07-20 18:18:50] [32minfo[39m: Filter: 
[2025-07-20 18:19:14] [32minfo[39m: Filter: 
[2025-07-20 18:19:22] [32minfo[39m: Filter: 
[2025-07-20 18:19:41] [32minfo[39m: Filter: 
[2025-07-20 18:19:51] [32minfo[39m: Filter: 
[2025-07-20 18:20:05] [32minfo[39m: Filter: 
[2025-07-20 18:20:21] [32minfo[39m: Filter: 
[2025-07-20 18:20:32] [32minfo[39m: Filter: 
[2025-07-20 18:20:32] [33mwarn[39m: No Data Found
[2025-07-20 18:20:33] [33mwarn[39m: No Data Found
[2025-07-20 18:20:34] [33mwarn[39m: No Data Found
[2025-07-20 18:20:35] [33mwarn[39m: No Data Found
[2025-07-20 18:20:37] [33mwarn[39m: No Data Found
[2025-07-20 18:20:39] [33mwarn[39m: No Data Found
[2025-07-20 18:20:48] [32minfo[39m: Filter: 
[2025-07-20 18:21:32] [32minfo[39m: Filter: 
[2025-07-20 18:23:53] [32minfo[39m: Filter: 
[2025-07-20 18:24:08] [33mwarn[39m: No Data Found
[2025-07-20 18:24:08] [33mwarn[39m: No Data Found
[2025-07-20 18:24:09] [33mwarn[39m: No Data Found
[2025-07-20 18:24:35] [33mwarn[39m: No Data Found
[2025-07-20 18:24:36] [33mwarn[39m: No Data Found
[2025-07-20 18:24:41] [33mwarn[39m: No Data Found
[2025-07-20 18:24:42] [33mwarn[39m: No Data Found
[2025-07-21 11:44:57] [32minfo[39m: Filter: 
[2025-07-21 11:45:54] [33mwarn[39m: Can not delete an occupied table.
[2025-07-21 11:46:05] [33mwarn[39m: Can not delete an occupied table.
[2025-07-21 11:46:06] [33mwarn[39m: Can not delete an occupied table.
[2025-07-21 11:46:06] [33mwarn[39m: Can not delete an occupied table.
[2025-07-21 11:46:06] [33mwarn[39m: Can not delete an occupied table.
[2025-07-21 11:46:06] [33mwarn[39m: Can not delete an occupied table.
[2025-07-21 11:46:06] [33mwarn[39m: Can not delete an occupied table.
[2025-07-21 11:46:07] [33mwarn[39m: Can not delete an occupied table.
[2025-07-21 11:46:07] [33mwarn[39m: Can not delete an occupied table.
[2025-07-21 11:46:07] [33mwarn[39m: Can not delete an occupied table.
[2025-07-21 11:46:07] [33mwarn[39m: Can not delete an occupied table.
[2025-07-21 11:46:07] [33mwarn[39m: Can not delete an occupied table.
[2025-07-21 11:46:08] [33mwarn[39m: Can not delete an occupied table.
[2025-07-21 11:47:47] [31merror[39m: Update Table Service:  
Invalid `prisma.table.update()` invocation:


Unique constraint failed on the fields: (`name`)
[2025-07-21 11:47:52] [31merror[39m: Update Table Service:  
Invalid `prisma.table.update()` invocation:


Unique constraint failed on the fields: (`name`)
[2025-07-21 11:48:01] [31merror[39m: Update Table Service:  
Invalid `prisma.table.update()` invocation:


Unique constraint failed on the fields: (`name`)
[2025-07-21 11:48:06] [31merror[39m: Update Table Service:  
Invalid `prisma.table.update()` invocation:


Unique constraint failed on the fields: (`name`)
[2025-07-21 11:55:24] [33mwarn[39m: No Data Found
[2025-07-21 11:55:24] [32minfo[39m: Filter: 
[2025-07-21 11:55:25] [33mwarn[39m: No Data Found
[2025-07-21 11:56:02] [33mwarn[39m: No Data Found
[2025-07-21 11:56:03] [33mwarn[39m: No Data Found
[2025-07-21 11:56:04] [33mwarn[39m: No Data Found
[2025-07-21 12:02:04] [32minfo[39m: Filter: 
