[2025-08-06 11:25:55] warn: No Data Found
[2025-08-06 11:25:55] warn: No Data Found
[2025-08-06 11:25:55] warn: No Data Found
[2025-08-06 11:25:55] warn: No Data Found
[2025-08-06 11:25:56] warn: No Data Found
[2025-08-06 11:31:33] warn: Brand Not Found
[2025-08-06 11:31:34] warn: Brand Not Found
[2025-08-06 11:31:36] warn: Brand Not Found
[2025-08-06 11:31:40] warn: Brand Not Found
[2025-08-06 11:33:03] warn: No Data Found
[2025-08-06 11:33:03] warn: No Data Found
[2025-08-06 11:33:03] warn: No Data Found
[2025-08-06 11:33:04] warn: No Data Found
[2025-08-06 11:33:16] warn: No Data Found
[2025-08-06 11:33:16] warn: No Data Found
[2025-08-06 11:33:16] warn: No Data Found
[2025-08-06 11:33:17] warn: No Data Found
[2025-08-06 11:33:17] warn: No Data Found
[2025-08-06 11:33:18] warn: No Data Found
[2025-08-06 12:07:06] warn: No Data Found
[2025-08-06 12:07:07] warn: No Data Found
[2025-08-06 12:07:07] warn: No Data Found
[2025-08-06 12:07:12] warn: No Data Found
[2025-08-06 12:07:12] warn: No Data Found
[2025-08-06 12:07:29] warn: No Data Found
[2025-08-06 12:07:29] warn: No Data Found
[2025-08-06 12:07:29] warn: No Data Found
[2025-08-06 12:07:30] warn: No Data Found
[2025-08-06 12:08:18] warn: No Data Found
[2025-08-06 12:08:18] warn: No Data Found
[2025-08-06 12:08:19] warn: No Data Found
[2025-08-06 12:08:20] warn: No Data Found
[2025-08-06 12:08:34] error: Image deletion failed: Image not found
[2025-08-06 12:08:50] error: Image deletion failed: Image not found
[2025-08-06 12:11:35] warn: Brand Not Found
[2025-08-06 12:11:36] warn: Brand Not Found
[2025-08-06 12:11:38] warn: Brand Not Found
[2025-08-06 12:11:42] warn: Brand Not Found
[2025-08-06 12:12:20] warn: No Data Found
[2025-08-06 12:12:20] warn: No Data Found
[2025-08-06 12:12:20] warn: No Data Found
[2025-08-06 12:12:21] warn: No Data Found
[2025-08-06 12:14:23] warn: Brand Not Found
[2025-08-06 12:14:24] warn: Brand Not Found
[2025-08-06 12:14:26] warn: Brand Not Found
[2025-08-06 12:14:30] warn: Brand Not Found
[2025-08-06 12:38:30] warn: No Data Found
[2025-08-06 12:38:30] warn: No Data Found
[2025-08-06 12:38:30] warn: No Data Found
[2025-08-06 12:38:32] warn: No Data Found
[2025-08-06 12:38:32] warn: No Data Found
[2025-08-06 12:38:32] warn: No Data Found
[2025-08-06 12:38:53] warn: Brand Not Found
[2025-08-06 12:38:54] warn: Brand Not Found
[2025-08-06 12:38:56] warn: Brand Not Found
[2025-08-06 12:39:00] warn: Brand Not Found
[2025-08-06 12:39:07] warn: Brand Not Found
[2025-08-06 12:40:45] warn: Brand Not Found
[2025-08-06 12:40:47] warn: Brand Not Found
[2025-08-06 12:40:51] warn: Brand Not Found
[2025-08-06 12:41:07] warn: Brand Not Found
[2025-08-06 12:41:09] warn: Brand Not Found
[2025-08-06 12:41:13] warn: Brand Not Found
[2025-08-06 12:41:26] warn: Brand Not Found
[2025-08-06 12:41:27] warn: Brand Not Found
[2025-08-06 12:41:32] warn: Brand Not Found
[2025-08-06 12:41:48] warn: Brand Not Found
[2025-08-06 12:42:28] warn: No Data Found
[2025-08-06 12:42:28] warn: No Data Found
[2025-08-06 12:42:28] warn: No Data Found
[2025-08-06 12:42:29] warn: No Data Found
[2025-08-06 12:43:58] warn: Brand Not Found
[2025-08-06 12:43:59] warn: Brand Not Found
[2025-08-06 12:44:01] warn: Brand Not Found
[2025-08-06 12:44:05] warn: Brand Not Found
[2025-08-07 12:20:48] warn: No Data Found
[2025-08-07 12:20:48] warn: No Data Found
[2025-08-07 12:20:48] warn: No Data Found
[2025-08-07 12:20:49] warn: No Data Found
[2025-08-09 11:34:03] warn: No Data Found
[2025-08-09 11:34:03] warn: Not Data Found
[2025-08-09 11:34:05] warn: Not Data Found
[2025-08-09 11:34:05] warn: No Data Found
[2025-08-09 11:34:07] warn: Not Data Found
[2025-08-09 11:34:07] warn: No Data Found
[2025-08-09 11:34:12] warn: Not Data Found
[2025-08-09 11:34:12] warn: No Data Found
[2025-08-09 11:35:13] warn: No Data Found
[2025-08-09 11:35:13] warn: No Data Found
[2025-08-09 11:35:13] warn: No Data Found
[2025-08-09 11:35:14] warn: No Data Found
[2025-08-09 11:35:24] warn: No Data Found
[2025-08-09 11:35:24] warn: No Data Found
[2025-08-09 11:35:24] warn: No Data Found
[2025-08-09 11:35:25] warn: No Data Found
[2025-08-09 11:35:25] warn: No Data Found
[2025-08-09 11:35:26] warn: No Data Found
[2025-08-09 11:35:47] error: Order cancellation print failed on 192.168.1.100: Socket timeout
{
  "stack": "Error: Socket timeout\n    at Socket.<anonymous> (D:\\Programing\\WorkFolders\\restaurant-pos\\backend\\node_modules\\node-thermal-printer\\lib\\interfaces\\network.js:76:16)\n    at Socket.emit (node:events:507:28)\n    at Socket.emit (node:domain:489:12)\n    at Socket._onTimeout (node:net:604:8)\n    at listOnTimeout (node:internal/timers:608:17)\n    at processTimers (node:internal/timers:543:7)"
}
[2025-08-09 11:35:55] warn: No Data Found
[2025-08-09 11:35:55] warn: No Data Found
[2025-08-09 11:35:55] warn: No Data Found
[2025-08-09 11:35:56] warn: No Data Found
[2025-08-09 11:36:01] warn: No Data Found
[2025-08-09 11:36:01] warn: No Data Found
[2025-08-09 11:36:02] warn: No Data Found
[2025-08-09 11:36:05] warn: No Data Found
[2025-08-09 11:36:05] warn: No Data Found
[2025-08-09 11:36:05] warn: No Data Found
[2025-08-09 11:36:06] warn: No Data Found
[2025-08-09 11:36:15] warn: No Data Found
[2025-08-09 11:36:15] warn: No Data Found
[2025-08-09 11:36:15] warn: No Data Found
[2025-08-09 11:36:16] warn: No Data Found
[2025-08-09 11:36:21] warn: No Data Found
[2025-08-09 11:36:21] warn: No Data Found
[2025-08-09 11:36:22] warn: No Data Found
[2025-08-09 11:36:54] warn: No Data Found
[2025-08-09 11:37:08] warn: Printer 192.168.1.100 not connected
[2025-08-09 11:37:14] warn: No Data Found
[2025-08-09 11:37:14] warn: No Data Found
[2025-08-09 11:37:14] warn: No Data Found
[2025-08-09 11:37:15] warn: No Data Found
